
[CA005410-AE63-11E7-9C43-BC0000960000] : log at : 2020/11/20|08:37:46|GMT+0800



[CA005410-AE63-11E7-9C43-BC0000960000] : log at : 2020/11/23|08:30:52|GMT+0800



[CA005410-AE63-11E7-9C43-BC0000960000] : log at : 2020/11/24|08:30:22|GMT+0800



[CA005410-AE63-11E7-9C43-BC0000960000] : log at : 2020/11/25|08:33:33|GMT+0800



[CA005410-AE63-11E7-9C43-BC0000960000] : log at : 2020/11/25|10:04:11|GMT+0800



[CA005410-AE63-11E7-9C43-BC0000960000] : log at : 2020/11/25|10:04:53|GMT+0800



[CA005410-AE63-11E7-9C43-BC0000960000] : log at : 2020/11/25|10:04:58|GMT+0800



[CA005410-AE63-11E7-9C43-BC0000960000] : log at : 2020/11/25|10:06:28|GMT+0800



[CA005410-AE63-11E7-9C43-BC0000960000] : log at : 2020/11/25|10:09:41|GMT+0800



[CA005410-AE63-11E7-9C43-BC0000960000] : log at : 2020/11/25|10:13:08|GMT+0800



[CA005410-AE63-11E7-9C43-BC0000960000] : log at : 2020/11/25|10:13:30|GMT+0800



[CA005410-AE63-11E7-9C43-BC0000960000] : log at : 2020/11/25|10:13:48|GMT+0800



[CA005410-AE63-11E7-9C43-BC0000960000] : log at : 2020/11/25|10:14:03|GMT+0800



[CA005410-AE63-11E7-9C43-BC0000960000] : log at : 2020/11/25|10:14:28|GMT+0800



[CA005410-AE63-11E7-9C43-BC0000960000] : log at : 2020/11/25|10:14:45|GMT+0800



[CA005410-AE63-11E7-9C43-BC0000960000] : log at : 2020/11/25|10:15:11|GMT+0800



[CA005410-AE63-11E7-9C43-BC0000960000] : log at : 2020/11/25|10:15:38|GMT+0800



[CA005410-AE63-11E7-9C43-BC0000960000] : log at : 2020/11/25|10:15:56|GMT+0800



[CA005410-AE63-11E7-9C43-BC0000960000] : log at : 2020/11/25|10:16:18|GMT+0800



[CA005410-AE63-11E7-9C43-BC0000960000] : log at : 2020/11/25|10:17:56|GMT+0800



[CA005410-AE63-11E7-9C43-BC0000960000] : log at : 2020/11/25|10:18:11|GMT+0800



[CA005410-AE63-11E7-9C43-BC0000960000] : log at : 2020/11/25|10:23:26|GMT+0800



[CA005410-AE63-11E7-9C43-BC0000960000] : log at : 2020/11/25|10:23:54|GMT+0800



[CA005410-AE63-11E7-9C43-BC0000960000] : log at : 2020/11/26|08:34:10|GMT+0800



[CA005410-AE63-11E7-9C43-BC0000960000] : log at : 2020/11/27|08:31:19|GMT+0800



[CA005410-AE63-11E7-9C43-BC0000960000] : log at : 2020/11/28|08:28:29|GMT+0800



[CA005410-AE63-11E7-9C43-BC0000960000] : log at : 2020/11/28|09:19:09|GMT+0800



[CA005410-AE63-11E7-9C43-BC0000960000] : log at : 2020/11/30|08:29:24|GMT+0800



[CA005410-AE63-11E7-9C43-BC0000960000] : log at : 2020/11/30|11:24:15|GMT+0800



[CA005410-AE63-11E7-9C43-BC0000960000] : log at : 2020/12/1|08:29:36|GMT+0800



[CA005410-AE63-11E7-9C43-BC0000960000] : log at : 2020/12/2|08:29:02|GMT+0800



[CA005410-AE63-11E7-9C43-BC0000960000] : log at : 2020/12/3|08:33:13|GMT+0800



[CA005410-AE63-11E7-9C43-BC0000960000] : log at : 2020/12/3|10:29:51|GMT+0800



[CA005410-AE63-11E7-9C43-BC0000960000] : log at : 2020/12/3|10:31:29|GMT+0800



[CA005410-AE63-11E7-9C43-BC0000960000] : log at : 2020/12/4|08:33:22|GMT+0800



[CA005410-AE63-11E7-9C43-BC0000960000] : log at : 2020/12/4|11:53:30|GMT+0800



[CA005410-AE63-11E7-9C43-BC0000960000] : log at : 2020/12/4|15:18:25|GMT+0800



[CA005410-AE63-11E7-9C43-BC0000960000] : log at : 2020/12/4|15:46:16|GMT+0800



[CA005410-AE63-11E7-9C43-BC0000960000] : log at : 2020/12/4|15:46:40|GMT+0800



[CA005410-AE63-11E7-9C43-BC0000960000] : log at : 2020/12/7|08:30:16|GMT+0800



[CA005410-AE63-11E7-9C43-BC0000960000] : log at : 2020/12/8|08:33:24|GMT+0800



[CA005410-AE63-11E7-9C43-BC0000960000] : log at : 2020/12/8|10:47:44|GMT+0800



[CA005410-AE63-11E7-9C43-BC0000960000] : log at : 2020/12/8|17:39:57|GMT+0800



[CA005410-AE63-11E7-9C43-BC0000960000] : log at : 2020/12/9|08:30:38|GMT+0800



[CA005410-AE63-11E7-9C43-BC0000960000] : log at : 2020/12/10|08:30:28|GMT+0800



[CA005410-AE63-11E7-9C43-BC0000960000] : log at : 2020/12/10|14:46:30|GMT+0800



[CA005410-AE63-11E7-9C43-BC0000960000] : log at : 2020/12/11|08:28:19|GMT+0800



[CA005410-AE63-11E7-9C43-BC0000960000] : log at : 2020/12/11|10:22:49|GMT+0800



[CA005410-AE63-11E7-9C43-BC0000960000] : log at : 2020/12/12|08:29:30|GMT+0800



[CA005410-AE63-11E7-9C43-BC0000960000] : log at : 2020/12/14|15:18:06|GMT+0800
[Hidden] : Command failed: d:\Keil_v5\ARM\ARMCLANG\bin\armclang.exe --target=arm-arm-none-eabi -E -dM - <nul
armclang: error: ARMv4 is not supported by this toolchain
armclang: note: Check that your license details are correct in the License Management dialog of MDK. Additional information is available at:
 http://www.keil.com/support/man/docs/license/license_management.htm
 If you need further help, provide this complete error report to your supplier or license.support@arm.com.
 - ARMLMD_LICENSE_FILE: unset
 - LM_LICENSE_FILE: unset
 - ARM_PRODUCT_DEF: unset
 - ARM_PRODUCT_PATH: unset
 - ARM_TOOL_VARIANT: unset
 - Product location: d:\Keil_v5\ARM\sw\mappings
 - Toolchain location: d:\Keil_v5\ARM\ARMCLANG\bin
 - Selected tool variant: mdk_lite
Product: MDK-ARM Lite 5.33
Component: ARM Compiler 6.15
Tool: armclang [5dd79400]

armclang: error: ARM Compiler does not support '--target=arm-arm-none-eabi'

Error: Command failed: d:\Keil_v5\ARM\ARMCLANG\bin\armclang.exe --target=arm-arm-none-eabi -E -dM - <nul
armclang: error: ARMv4 is not supported by this toolchain
armclang: note: Check that your license details are correct in the License Management dialog of MDK. Additional information is available at:
 http://www.keil.com/support/man/docs/license/license_management.htm
 If you need further help, provide this complete error report to your supplier or license.support@arm.com.
 - ARMLMD_LICENSE_FILE: unset
 - LM_LICENSE_FILE: unset
 - ARM_PRODUCT_DEF: unset
 - ARM_PRODUCT_PATH: unset
 - ARM_TOOL_VARIANT: unset
 - Product location: d:\Keil_v5\ARM\sw\mappings
 - Toolchain location: d:\Keil_v5\ARM\ARMCLANG\bin
 - Selected tool variant: mdk_lite
Product: MDK-ARM Lite 5.33
Component: ARM Compiler 6.15
Tool: armclang [5dd79400]

armclang: error: ARM Compiler does not support '--target=arm-arm-none-eabi'

	at checkExecSyncError (child_process.js:630:11)
	at Object.execSync (child_process.js:666:15)
	at Object.execSync (electron/js2c/asar.js:727:23)
	at b.getMacroList (c:\Users\yansiyan\.vscode\extensions\cl.eide-1.19.0\dist\extension.js:1:67823)
	at new b (c:\Users\yansiyan\.vscode\extensions\cl.eide-1.19.0\dist\extension.js:1:67665)
	at new f (c:\Users\yansiyan\.vscode\extensions\cl.eide-1.19.0\dist\extension.js:1:58179)
	at Function.getInstance (c:\Users\yansiyan\.vscode\extensions\cl.eide-1.19.0\dist\extension.js:1:58328)
	at M.loadToolchain (c:\Users\yansiyan\.vscode\extensions\cl.eide-1.19.0\dist\extension.js:1:95654)
	at M.Load (c:\Users\yansiyan\.vscode\extensions\cl.eide-1.19.0\dist\extension.js:1:91233)
	at P._OpenProject (c:\Users\yansiyan\.vscode\extensions\cl.eide-1.19.0\dist\extension.js:1:332031)
	at EventEmitter.<anonymous> (c:\Users\yansiyan\.vscode\extensions\cl.eide-1.19.0\dist\extension.js:1:324906)
	at Object.onceWrapper (events.js:313:26)
	at EventEmitter.emit (events.js:223:5)
	at Function.emit (c:\Users\yansiyan\.vscode\extensions\cl.eide-1.19.0\dist\extension.js:1:4451)
	at EventEmitter.<anonymous> (c:\Users\yansiyan\.vscode\extensions\cl.eide-1.19.0\dist\extension.js:1:164776)
	at EventEmitter.emit (events.js:223:5)
	at Function.emit (c:\Users\yansiyan\.vscode\extensions\cl.eide-1.19.0\dist\extension.js:1:4451)
	at P.LoadWorkspaceProject (c:\Users\yansiyan\.vscode\extensions\cl.eide-1.19.0\dist\extension.js:1:324955)
	at new P (c:\Users\yansiyan\.vscode\extensions\cl.eide-1.19.0\dist\extension.js:1:323556)
	at new t.ProjectExplorer (c:\Users\yansiyan\.vscode\extensions\cl.eide-1.19.0\dist\extension.js:1:336605)
	at t.activate (c:\Users\yansiyan\.vscode\extensions\cl.eide-1.19.0\dist\extension.js:1:168480)
	at Function._callActivateOptional (c:\Users\yansiyan\AppData\Local\Programs\Microsoft VS Code\resources\app\out\vs\workbench\services\extensions\node\extensionHostProcess.js:960:773)
	at Function._callActivate (c:\Users\yansiyan\AppData\Local\Programs\Microsoft VS Code\resources\app\out\vs\workbench\services\extensions\node\extensionHostProcess.js:960:424)
	at c:\Users\yansiyan\AppData\Local\Programs\Microsoft VS Code\resources\app\out\vs\workbench\services\extensions\node\extensionHostProcess.js:958:841
	at processTicksAndRejections (internal/process/task_queues.js:94:5)
	at async Promise.all (index 6)
	at async Promise.all (index 0)



[CA005410-AE63-11E7-9C43-BC0000960000] : log at : 2020/12/14|15:24:13|GMT+0800
[Hidden] : Command failed: d:\Keil_v5\ARM\ARMCLANG\bin\armclang.exe --target=arm-arm-none-eabi -E -dM - <nul
armclang: error: ARMv4 is not supported by this toolchain
armclang: note: Check that your license details are correct in the License Management dialog of MDK. Additional information is available at:
 http://www.keil.com/support/man/docs/license/license_management.htm
 If you need further help, provide this complete error report to your supplier or license.support@arm.com.
 - ARMLMD_LICENSE_FILE: unset
 - LM_LICENSE_FILE: unset
 - ARM_PRODUCT_DEF: unset
 - ARM_PRODUCT_PATH: unset
 - ARM_TOOL_VARIANT: unset
 - Product location: d:\Keil_v5\ARM\sw\mappings
 - Toolchain location: d:\Keil_v5\ARM\ARMCLANG\bin
 - Selected tool variant: mdk_lite
Product: MDK-ARM Lite 5.33
Component: ARM Compiler 6.15
Tool: armclang [5dd79400]

armclang: error: ARM Compiler does not support '--target=arm-arm-none-eabi'

Error: Command failed: d:\Keil_v5\ARM\ARMCLANG\bin\armclang.exe --target=arm-arm-none-eabi -E -dM - <nul
armclang: error: ARMv4 is not supported by this toolchain
armclang: note: Check that your license details are correct in the License Management dialog of MDK. Additional information is available at:
 http://www.keil.com/support/man/docs/license/license_management.htm
 If you need further help, provide this complete error report to your supplier or license.support@arm.com.
 - ARMLMD_LICENSE_FILE: unset
 - LM_LICENSE_FILE: unset
 - ARM_PRODUCT_DEF: unset
 - ARM_PRODUCT_PATH: unset
 - ARM_TOOL_VARIANT: unset
 - Product location: d:\Keil_v5\ARM\sw\mappings
 - Toolchain location: d:\Keil_v5\ARM\ARMCLANG\bin
 - Selected tool variant: mdk_lite
Product: MDK-ARM Lite 5.33
Component: ARM Compiler 6.15
Tool: armclang [5dd79400]

armclang: error: ARM Compiler does not support '--target=arm-arm-none-eabi'

	at checkExecSyncError (child_process.js:630:11)
	at Object.execSync (child_process.js:666:15)
	at Object.execSync (electron/js2c/asar.js:727:23)
	at b.getMacroList (c:\Users\yansiyan\.vscode\extensions\cl.eide-1.19.0\dist\extension.js:1:67823)
	at new b (c:\Users\yansiyan\.vscode\extensions\cl.eide-1.19.0\dist\extension.js:1:67665)
	at new f (c:\Users\yansiyan\.vscode\extensions\cl.eide-1.19.0\dist\extension.js:1:58179)
	at Function.getInstance (c:\Users\yansiyan\.vscode\extensions\cl.eide-1.19.0\dist\extension.js:1:58328)
	at M.loadToolchain (c:\Users\yansiyan\.vscode\extensions\cl.eide-1.19.0\dist\extension.js:1:95654)
	at M.Load (c:\Users\yansiyan\.vscode\extensions\cl.eide-1.19.0\dist\extension.js:1:91233)
	at P._OpenProject (c:\Users\yansiyan\.vscode\extensions\cl.eide-1.19.0\dist\extension.js:1:332031)
	at EventEmitter.<anonymous> (c:\Users\yansiyan\.vscode\extensions\cl.eide-1.19.0\dist\extension.js:1:324906)
	at Object.onceWrapper (events.js:313:26)
	at EventEmitter.emit (events.js:223:5)
	at Function.emit (c:\Users\yansiyan\.vscode\extensions\cl.eide-1.19.0\dist\extension.js:1:4451)
	at EventEmitter.<anonymous> (c:\Users\yansiyan\.vscode\extensions\cl.eide-1.19.0\dist\extension.js:1:164776)
	at EventEmitter.emit (events.js:223:5)
	at Function.emit (c:\Users\yansiyan\.vscode\extensions\cl.eide-1.19.0\dist\extension.js:1:4451)
	at P.LoadWorkspaceProject (c:\Users\yansiyan\.vscode\extensions\cl.eide-1.19.0\dist\extension.js:1:324955)
	at new P (c:\Users\yansiyan\.vscode\extensions\cl.eide-1.19.0\dist\extension.js:1:323556)
	at new t.ProjectExplorer (c:\Users\yansiyan\.vscode\extensions\cl.eide-1.19.0\dist\extension.js:1:336605)
	at t.activate (c:\Users\yansiyan\.vscode\extensions\cl.eide-1.19.0\dist\extension.js:1:168480)
	at Function._callActivateOptional (c:\Users\yansiyan\AppData\Local\Programs\Microsoft VS Code\resources\app\out\vs\workbench\services\extensions\node\extensionHostProcess.js:960:773)
	at Function._callActivate (c:\Users\yansiyan\AppData\Local\Programs\Microsoft VS Code\resources\app\out\vs\workbench\services\extensions\node\extensionHostProcess.js:960:424)
	at c:\Users\yansiyan\AppData\Local\Programs\Microsoft VS Code\resources\app\out\vs\workbench\services\extensions\node\extensionHostProcess.js:958:841
	at processTicksAndRejections (internal/process/task_queues.js:94:5)
	at async Promise.all (index 6)
	at async Promise.all (index 0)



[CA005410-AE63-11E7-9C43-BC0000960000] : log at : 2020/12/15|16:08:51|GMT+0800
[Hidden] : Command failed: d:\Keil_v5\ARM\ARMCLANG\bin\armclang.exe --target=arm-arm-none-eabi -E -dM - <nul
armclang: error: ARMv4 is not supported by this toolchain
armclang: note: Check that your license details are correct in the License Management dialog of MDK. Additional information is available at:
 http://www.keil.com/support/man/docs/license/license_management.htm
 If you need further help, provide this complete error report to your supplier or license.support@arm.com.
 - ARMLMD_LICENSE_FILE: unset
 - LM_LICENSE_FILE: unset
 - ARM_PRODUCT_DEF: unset
 - ARM_PRODUCT_PATH: unset
 - ARM_TOOL_VARIANT: unset
 - Product location: d:\Keil_v5\ARM\sw\mappings
 - Toolchain location: d:\Keil_v5\ARM\ARMCLANG\bin
 - Selected tool variant: mdk_lite
Product: MDK-ARM Lite 5.33
Component: ARM Compiler 6.15
Tool: armclang [5dd79400]

armclang: error: ARM Compiler does not support '--target=arm-arm-none-eabi'

Error: Command failed: d:\Keil_v5\ARM\ARMCLANG\bin\armclang.exe --target=arm-arm-none-eabi -E -dM - <nul
armclang: error: ARMv4 is not supported by this toolchain
armclang: note: Check that your license details are correct in the License Management dialog of MDK. Additional information is available at:
 http://www.keil.com/support/man/docs/license/license_management.htm
 If you need further help, provide this complete error report to your supplier or license.support@arm.com.
 - ARMLMD_LICENSE_FILE: unset
 - LM_LICENSE_FILE: unset
 - ARM_PRODUCT_DEF: unset
 - ARM_PRODUCT_PATH: unset
 - ARM_TOOL_VARIANT: unset
 - Product location: d:\Keil_v5\ARM\sw\mappings
 - Toolchain location: d:\Keil_v5\ARM\ARMCLANG\bin
 - Selected tool variant: mdk_lite
Product: MDK-ARM Lite 5.33
Component: ARM Compiler 6.15
Tool: armclang [5dd79400]

armclang: error: ARM Compiler does not support '--target=arm-arm-none-eabi'

	at checkExecSyncError (child_process.js:630:11)
	at Object.execSync (child_process.js:666:15)
	at Object.execSync (electron/js2c/asar.js:727:23)
	at b.getMacroList (c:\Users\yansiyan\.vscode\extensions\cl.eide-1.19.0\dist\extension.js:1:67823)
	at new b (c:\Users\yansiyan\.vscode\extensions\cl.eide-1.19.0\dist\extension.js:1:67665)
	at new f (c:\Users\yansiyan\.vscode\extensions\cl.eide-1.19.0\dist\extension.js:1:58179)
	at Function.getInstance (c:\Users\yansiyan\.vscode\extensions\cl.eide-1.19.0\dist\extension.js:1:58328)
	at M.loadToolchain (c:\Users\yansiyan\.vscode\extensions\cl.eide-1.19.0\dist\extension.js:1:95654)
	at M.Load (c:\Users\yansiyan\.vscode\extensions\cl.eide-1.19.0\dist\extension.js:1:91233)
	at P._OpenProject (c:\Users\yansiyan\.vscode\extensions\cl.eide-1.19.0\dist\extension.js:1:332031)
	at EventEmitter.<anonymous> (c:\Users\yansiyan\.vscode\extensions\cl.eide-1.19.0\dist\extension.js:1:324906)
	at Object.onceWrapper (events.js:313:26)
	at EventEmitter.emit (events.js:223:5)
	at Function.emit (c:\Users\yansiyan\.vscode\extensions\cl.eide-1.19.0\dist\extension.js:1:4451)
	at EventEmitter.<anonymous> (c:\Users\yansiyan\.vscode\extensions\cl.eide-1.19.0\dist\extension.js:1:164776)
	at EventEmitter.emit (events.js:223:5)
	at Function.emit (c:\Users\yansiyan\.vscode\extensions\cl.eide-1.19.0\dist\extension.js:1:4451)
	at P.LoadWorkspaceProject (c:\Users\yansiyan\.vscode\extensions\cl.eide-1.19.0\dist\extension.js:1:324955)
	at new P (c:\Users\yansiyan\.vscode\extensions\cl.eide-1.19.0\dist\extension.js:1:323556)
	at new t.ProjectExplorer (c:\Users\yansiyan\.vscode\extensions\cl.eide-1.19.0\dist\extension.js:1:336605)
	at t.activate (c:\Users\yansiyan\.vscode\extensions\cl.eide-1.19.0\dist\extension.js:1:168480)
	at Function._callActivateOptional (c:\Users\yansiyan\AppData\Local\Programs\Microsoft VS Code\resources\app\out\vs\workbench\services\extensions\node\extensionHostProcess.js:960:773)
	at Function._callActivate (c:\Users\yansiyan\AppData\Local\Programs\Microsoft VS Code\resources\app\out\vs\workbench\services\extensions\node\extensionHostProcess.js:960:424)
	at c:\Users\yansiyan\AppData\Local\Programs\Microsoft VS Code\resources\app\out\vs\workbench\services\extensions\node\extensionHostProcess.js:958:841
	at processTicksAndRejections (internal/process/task_queues.js:94:5)
	at async Promise.all (index 6)
	at async Promise.all (index 0)



[CA005410-AE63-11E7-9C43-BC0000960000] : log at : 2020/12/16|08:32:18|GMT+0800
[Hidden] : Command failed: d:\Keil_v5\ARM\ARMCLANG\bin\armclang.exe --target=arm-arm-none-eabi -E -dM - <nul
armclang: error: ARMv4 is not supported by this toolchain
armclang: note: Check that your license details are correct in the License Management dialog of MDK. Additional information is available at:
 http://www.keil.com/support/man/docs/license/license_management.htm
 If you need further help, provide this complete error report to your supplier or license.support@arm.com.
 - ARMLMD_LICENSE_FILE: unset
 - LM_LICENSE_FILE: unset
 - ARM_PRODUCT_DEF: unset
 - ARM_PRODUCT_PATH: unset
 - ARM_TOOL_VARIANT: unset
 - Product location: d:\Keil_v5\ARM\sw\mappings
 - Toolchain location: d:\Keil_v5\ARM\ARMCLANG\bin
 - Selected tool variant: mdk_lite
Product: MDK-ARM Lite 5.33
Component: ARM Compiler 6.15
Tool: armclang [5dd79400]

armclang: error: ARM Compiler does not support '--target=arm-arm-none-eabi'

Error: Command failed: d:\Keil_v5\ARM\ARMCLANG\bin\armclang.exe --target=arm-arm-none-eabi -E -dM - <nul
armclang: error: ARMv4 is not supported by this toolchain
armclang: note: Check that your license details are correct in the License Management dialog of MDK. Additional information is available at:
 http://www.keil.com/support/man/docs/license/license_management.htm
 If you need further help, provide this complete error report to your supplier or license.support@arm.com.
 - ARMLMD_LICENSE_FILE: unset
 - LM_LICENSE_FILE: unset
 - ARM_PRODUCT_DEF: unset
 - ARM_PRODUCT_PATH: unset
 - ARM_TOOL_VARIANT: unset
 - Product location: d:\Keil_v5\ARM\sw\mappings
 - Toolchain location: d:\Keil_v5\ARM\ARMCLANG\bin
 - Selected tool variant: mdk_lite
Product: MDK-ARM Lite 5.33
Component: ARM Compiler 6.15
Tool: armclang [5dd79400]

armclang: error: ARM Compiler does not support '--target=arm-arm-none-eabi'

	at checkExecSyncError (child_process.js:630:11)
	at Object.execSync (child_process.js:666:15)
	at Object.execSync (electron/js2c/asar.js:727:23)
	at b.getMacroList (c:\Users\yansiyan\.vscode\extensions\cl.eide-1.19.0\dist\extension.js:1:67823)
	at new b (c:\Users\yansiyan\.vscode\extensions\cl.eide-1.19.0\dist\extension.js:1:67665)
	at new f (c:\Users\yansiyan\.vscode\extensions\cl.eide-1.19.0\dist\extension.js:1:58179)
	at Function.getInstance (c:\Users\yansiyan\.vscode\extensions\cl.eide-1.19.0\dist\extension.js:1:58328)
	at M.loadToolchain (c:\Users\yansiyan\.vscode\extensions\cl.eide-1.19.0\dist\extension.js:1:95654)
	at M.Load (c:\Users\yansiyan\.vscode\extensions\cl.eide-1.19.0\dist\extension.js:1:91233)
	at P._OpenProject (c:\Users\yansiyan\.vscode\extensions\cl.eide-1.19.0\dist\extension.js:1:332031)
	at EventEmitter.<anonymous> (c:\Users\yansiyan\.vscode\extensions\cl.eide-1.19.0\dist\extension.js:1:324906)
	at Object.onceWrapper (events.js:313:26)
	at EventEmitter.emit (events.js:223:5)
	at Function.emit (c:\Users\yansiyan\.vscode\extensions\cl.eide-1.19.0\dist\extension.js:1:4451)
	at EventEmitter.<anonymous> (c:\Users\yansiyan\.vscode\extensions\cl.eide-1.19.0\dist\extension.js:1:164776)
	at EventEmitter.emit (events.js:223:5)
	at Function.emit (c:\Users\yansiyan\.vscode\extensions\cl.eide-1.19.0\dist\extension.js:1:4451)
	at P.LoadWorkspaceProject (c:\Users\yansiyan\.vscode\extensions\cl.eide-1.19.0\dist\extension.js:1:324955)
	at new P (c:\Users\yansiyan\.vscode\extensions\cl.eide-1.19.0\dist\extension.js:1:323556)
	at new t.ProjectExplorer (c:\Users\yansiyan\.vscode\extensions\cl.eide-1.19.0\dist\extension.js:1:336605)
	at t.activate (c:\Users\yansiyan\.vscode\extensions\cl.eide-1.19.0\dist\extension.js:1:168480)
	at Function._callActivateOptional (c:\Users\yansiyan\AppData\Local\Programs\Microsoft VS Code\resources\app\out\vs\workbench\services\extensions\node\extensionHostProcess.js:960:773)
	at Function._callActivate (c:\Users\yansiyan\AppData\Local\Programs\Microsoft VS Code\resources\app\out\vs\workbench\services\extensions\node\extensionHostProcess.js:960:424)
	at c:\Users\yansiyan\AppData\Local\Programs\Microsoft VS Code\resources\app\out\vs\workbench\services\extensions\node\extensionHostProcess.js:958:841
	at processTicksAndRejections (internal/process/task_queues.js:94:5)
	at async Promise.all (index 6)
	at async Promise.all (index 0)



[CA005410-AE63-11E7-9C43-BC0000960000] : log at : 2020/12/17|08:33:11|GMT+0800
[Hidden] : Command failed: d:\Keil_v5\ARM\ARMCLANG\bin\armclang.exe --target=arm-arm-none-eabi -E -dM - <nul
armclang: error: ARMv4 is not supported by this toolchain
armclang: note: Check that your license details are correct in the License Management dialog of MDK. Additional information is available at:
 http://www.keil.com/support/man/docs/license/license_management.htm
 If you need further help, provide this complete error report to your supplier or license.support@arm.com.
 - ARMLMD_LICENSE_FILE: unset
 - LM_LICENSE_FILE: unset
 - ARM_PRODUCT_DEF: unset
 - ARM_PRODUCT_PATH: unset
 - ARM_TOOL_VARIANT: unset
 - Product location: d:\Keil_v5\ARM\sw\mappings
 - Toolchain location: d:\Keil_v5\ARM\ARMCLANG\bin
 - Selected tool variant: mdk_lite
Product: MDK-ARM Lite 5.33
Component: ARM Compiler 6.15
Tool: armclang [5dd79400]

armclang: error: ARM Compiler does not support '--target=arm-arm-none-eabi'

Error: Command failed: d:\Keil_v5\ARM\ARMCLANG\bin\armclang.exe --target=arm-arm-none-eabi -E -dM - <nul
armclang: error: ARMv4 is not supported by this toolchain
armclang: note: Check that your license details are correct in the License Management dialog of MDK. Additional information is available at:
 http://www.keil.com/support/man/docs/license/license_management.htm
 If you need further help, provide this complete error report to your supplier or license.support@arm.com.
 - ARMLMD_LICENSE_FILE: unset
 - LM_LICENSE_FILE: unset
 - ARM_PRODUCT_DEF: unset
 - ARM_PRODUCT_PATH: unset
 - ARM_TOOL_VARIANT: unset
 - Product location: d:\Keil_v5\ARM\sw\mappings
 - Toolchain location: d:\Keil_v5\ARM\ARMCLANG\bin
 - Selected tool variant: mdk_lite
Product: MDK-ARM Lite 5.33
Component: ARM Compiler 6.15
Tool: armclang [5dd79400]

armclang: error: ARM Compiler does not support '--target=arm-arm-none-eabi'

	at checkExecSyncError (child_process.js:630:11)
	at Object.execSync (child_process.js:666:15)
	at Object.execSync (electron/js2c/asar.js:727:23)
	at b.getMacroList (c:\Users\yansiyan\.vscode\extensions\cl.eide-1.19.0\dist\extension.js:1:67823)
	at new b (c:\Users\yansiyan\.vscode\extensions\cl.eide-1.19.0\dist\extension.js:1:67665)
	at new f (c:\Users\yansiyan\.vscode\extensions\cl.eide-1.19.0\dist\extension.js:1:58179)
	at Function.getInstance (c:\Users\yansiyan\.vscode\extensions\cl.eide-1.19.0\dist\extension.js:1:58328)
	at M.loadToolchain (c:\Users\yansiyan\.vscode\extensions\cl.eide-1.19.0\dist\extension.js:1:95654)
	at M.Load (c:\Users\yansiyan\.vscode\extensions\cl.eide-1.19.0\dist\extension.js:1:91233)
	at P._OpenProject (c:\Users\yansiyan\.vscode\extensions\cl.eide-1.19.0\dist\extension.js:1:332031)
	at EventEmitter.<anonymous> (c:\Users\yansiyan\.vscode\extensions\cl.eide-1.19.0\dist\extension.js:1:324906)
	at Object.onceWrapper (events.js:313:26)
	at EventEmitter.emit (events.js:223:5)
	at Function.emit (c:\Users\yansiyan\.vscode\extensions\cl.eide-1.19.0\dist\extension.js:1:4451)
	at EventEmitter.<anonymous> (c:\Users\yansiyan\.vscode\extensions\cl.eide-1.19.0\dist\extension.js:1:164776)
	at EventEmitter.emit (events.js:223:5)
	at Function.emit (c:\Users\yansiyan\.vscode\extensions\cl.eide-1.19.0\dist\extension.js:1:4451)
	at P.LoadWorkspaceProject (c:\Users\yansiyan\.vscode\extensions\cl.eide-1.19.0\dist\extension.js:1:324955)
	at new P (c:\Users\yansiyan\.vscode\extensions\cl.eide-1.19.0\dist\extension.js:1:323556)
	at new t.ProjectExplorer (c:\Users\yansiyan\.vscode\extensions\cl.eide-1.19.0\dist\extension.js:1:336605)
	at t.activate (c:\Users\yansiyan\.vscode\extensions\cl.eide-1.19.0\dist\extension.js:1:168480)
	at Function._callActivateOptional (c:\Users\yansiyan\AppData\Local\Programs\Microsoft VS Code\resources\app\out\vs\workbench\services\extensions\node\extensionHostProcess.js:960:773)
	at Function._callActivate (c:\Users\yansiyan\AppData\Local\Programs\Microsoft VS Code\resources\app\out\vs\workbench\services\extensions\node\extensionHostProcess.js:960:424)
	at c:\Users\yansiyan\AppData\Local\Programs\Microsoft VS Code\resources\app\out\vs\workbench\services\extensions\node\extensionHostProcess.js:958:841
	at processTicksAndRejections (internal/process/task_queues.js:94:5)
	at async Promise.all (index 6)
	at async Promise.all (index 0)



[CA005410-AE63-11E7-9C43-BC0000960000] : log at : 2020/12/18|08:34:37|GMT+0800
[Hidden] : Command failed: d:\Keil_v5\ARM\ARMCLANG\bin\armclang.exe --target=arm-arm-none-eabi -E -dM - <nul
armclang: error: ARMv4 is not supported by this toolchain
armclang: note: Check that your license details are correct in the License Management dialog of MDK. Additional information is available at:
 http://www.keil.com/support/man/docs/license/license_management.htm
 If you need further help, provide this complete error report to your supplier or license.support@arm.com.
 - ARMLMD_LICENSE_FILE: unset
 - LM_LICENSE_FILE: unset
 - ARM_PRODUCT_DEF: unset
 - ARM_PRODUCT_PATH: unset
 - ARM_TOOL_VARIANT: unset
 - Product location: d:\Keil_v5\ARM\sw\mappings
 - Toolchain location: d:\Keil_v5\ARM\ARMCLANG\bin
 - Selected tool variant: mdk_lite
Product: MDK-ARM Lite 5.33
Component: ARM Compiler 6.15
Tool: armclang [5dd79400]

armclang: error: ARM Compiler does not support '--target=arm-arm-none-eabi'

Error: Command failed: d:\Keil_v5\ARM\ARMCLANG\bin\armclang.exe --target=arm-arm-none-eabi -E -dM - <nul
armclang: error: ARMv4 is not supported by this toolchain
armclang: note: Check that your license details are correct in the License Management dialog of MDK. Additional information is available at:
 http://www.keil.com/support/man/docs/license/license_management.htm
 If you need further help, provide this complete error report to your supplier or license.support@arm.com.
 - ARMLMD_LICENSE_FILE: unset
 - LM_LICENSE_FILE: unset
 - ARM_PRODUCT_DEF: unset
 - ARM_PRODUCT_PATH: unset
 - ARM_TOOL_VARIANT: unset
 - Product location: d:\Keil_v5\ARM\sw\mappings
 - Toolchain location: d:\Keil_v5\ARM\ARMCLANG\bin
 - Selected tool variant: mdk_lite
Product: MDK-ARM Lite 5.33
Component: ARM Compiler 6.15
Tool: armclang [5dd79400]

armclang: error: ARM Compiler does not support '--target=arm-arm-none-eabi'

	at checkExecSyncError (child_process.js:630:11)
	at Object.execSync (child_process.js:666:15)
	at Object.execSync (electron/js2c/asar.js:727:23)
	at b.getMacroList (c:\Users\yansiyan\.vscode\extensions\cl.eide-1.19.0\dist\extension.js:1:67823)
	at new b (c:\Users\yansiyan\.vscode\extensions\cl.eide-1.19.0\dist\extension.js:1:67665)
	at new f (c:\Users\yansiyan\.vscode\extensions\cl.eide-1.19.0\dist\extension.js:1:58179)
	at Function.getInstance (c:\Users\yansiyan\.vscode\extensions\cl.eide-1.19.0\dist\extension.js:1:58328)
	at M.loadToolchain (c:\Users\yansiyan\.vscode\extensions\cl.eide-1.19.0\dist\extension.js:1:95654)
	at M.Load (c:\Users\yansiyan\.vscode\extensions\cl.eide-1.19.0\dist\extension.js:1:91233)
	at P._OpenProject (c:\Users\yansiyan\.vscode\extensions\cl.eide-1.19.0\dist\extension.js:1:332031)
	at EventEmitter.<anonymous> (c:\Users\yansiyan\.vscode\extensions\cl.eide-1.19.0\dist\extension.js:1:324906)
	at Object.onceWrapper (events.js:313:26)
	at EventEmitter.emit (events.js:223:5)
	at Function.emit (c:\Users\yansiyan\.vscode\extensions\cl.eide-1.19.0\dist\extension.js:1:4451)
	at EventEmitter.<anonymous> (c:\Users\yansiyan\.vscode\extensions\cl.eide-1.19.0\dist\extension.js:1:164776)
	at EventEmitter.emit (events.js:223:5)
	at Function.emit (c:\Users\yansiyan\.vscode\extensions\cl.eide-1.19.0\dist\extension.js:1:4451)
	at P.LoadWorkspaceProject (c:\Users\yansiyan\.vscode\extensions\cl.eide-1.19.0\dist\extension.js:1:324955)
	at new P (c:\Users\yansiyan\.vscode\extensions\cl.eide-1.19.0\dist\extension.js:1:323556)
	at new t.ProjectExplorer (c:\Users\yansiyan\.vscode\extensions\cl.eide-1.19.0\dist\extension.js:1:336605)
	at t.activate (c:\Users\yansiyan\.vscode\extensions\cl.eide-1.19.0\dist\extension.js:1:168480)
	at Function._callActivateOptional (c:\Users\yansiyan\AppData\Local\Programs\Microsoft VS Code\resources\app\out\vs\workbench\services\extensions\node\extensionHostProcess.js:960:773)
	at Function._callActivate (c:\Users\yansiyan\AppData\Local\Programs\Microsoft VS Code\resources\app\out\vs\workbench\services\extensions\node\extensionHostProcess.js:960:424)
	at c:\Users\yansiyan\AppData\Local\Programs\Microsoft VS Code\resources\app\out\vs\workbench\services\extensions\node\extensionHostProcess.js:958:841
	at processTicksAndRejections (internal/process/task_queues.js:94:5)
	at async Promise.all (index 6)
	at async Promise.all (index 0)



[CA005410-AE63-11E7-9C43-BC0000960000] : log at : 2020/12/21|08:30:14|GMT+0800
[Hidden] : Command failed: d:\Keil_v5\ARM\ARMCLANG\bin\armclang.exe --target=arm-arm-none-eabi -E -dM - <nul
armclang: error: ARMv4 is not supported by this toolchain
armclang: note: Check that your license details are correct in the License Management dialog of MDK. Additional information is available at:
 http://www.keil.com/support/man/docs/license/license_management.htm
 If you need further help, provide this complete error report to your supplier or license.support@arm.com.
 - ARMLMD_LICENSE_FILE: unset
 - LM_LICENSE_FILE: unset
 - ARM_PRODUCT_DEF: unset
 - ARM_PRODUCT_PATH: unset
 - ARM_TOOL_VARIANT: unset
 - Product location: d:\Keil_v5\ARM\sw\mappings
 - Toolchain location: d:\Keil_v5\ARM\ARMCLANG\bin
 - Selected tool variant: mdk_lite
Product: MDK-ARM Lite 5.33
Component: ARM Compiler 6.15
Tool: armclang [5dd79400]

armclang: error: ARM Compiler does not support '--target=arm-arm-none-eabi'

Error: Command failed: d:\Keil_v5\ARM\ARMCLANG\bin\armclang.exe --target=arm-arm-none-eabi -E -dM - <nul
armclang: error: ARMv4 is not supported by this toolchain
armclang: note: Check that your license details are correct in the License Management dialog of MDK. Additional information is available at:
 http://www.keil.com/support/man/docs/license/license_management.htm
 If you need further help, provide this complete error report to your supplier or license.support@arm.com.
 - ARMLMD_LICENSE_FILE: unset
 - LM_LICENSE_FILE: unset
 - ARM_PRODUCT_DEF: unset
 - ARM_PRODUCT_PATH: unset
 - ARM_TOOL_VARIANT: unset
 - Product location: d:\Keil_v5\ARM\sw\mappings
 - Toolchain location: d:\Keil_v5\ARM\ARMCLANG\bin
 - Selected tool variant: mdk_lite
Product: MDK-ARM Lite 5.33
Component: ARM Compiler 6.15
Tool: armclang [5dd79400]

armclang: error: ARM Compiler does not support '--target=arm-arm-none-eabi'

	at checkExecSyncError (child_process.js:630:11)
	at Object.execSync (child_process.js:666:15)
	at Object.execSync (electron/js2c/asar.js:727:23)
	at b.getMacroList (c:\Users\yansiyan\.vscode\extensions\cl.eide-1.19.0\dist\extension.js:1:67823)
	at new b (c:\Users\yansiyan\.vscode\extensions\cl.eide-1.19.0\dist\extension.js:1:67665)
	at new f (c:\Users\yansiyan\.vscode\extensions\cl.eide-1.19.0\dist\extension.js:1:58179)
	at Function.getInstance (c:\Users\yansiyan\.vscode\extensions\cl.eide-1.19.0\dist\extension.js:1:58328)
	at M.loadToolchain (c:\Users\yansiyan\.vscode\extensions\cl.eide-1.19.0\dist\extension.js:1:95654)
	at M.Load (c:\Users\yansiyan\.vscode\extensions\cl.eide-1.19.0\dist\extension.js:1:91233)
	at P._OpenProject (c:\Users\yansiyan\.vscode\extensions\cl.eide-1.19.0\dist\extension.js:1:332031)
	at EventEmitter.<anonymous> (c:\Users\yansiyan\.vscode\extensions\cl.eide-1.19.0\dist\extension.js:1:324906)
	at Object.onceWrapper (events.js:313:26)
	at EventEmitter.emit (events.js:223:5)
	at Function.emit (c:\Users\yansiyan\.vscode\extensions\cl.eide-1.19.0\dist\extension.js:1:4451)
	at EventEmitter.<anonymous> (c:\Users\yansiyan\.vscode\extensions\cl.eide-1.19.0\dist\extension.js:1:164776)
	at EventEmitter.emit (events.js:223:5)
	at Function.emit (c:\Users\yansiyan\.vscode\extensions\cl.eide-1.19.0\dist\extension.js:1:4451)
	at P.LoadWorkspaceProject (c:\Users\yansiyan\.vscode\extensions\cl.eide-1.19.0\dist\extension.js:1:324955)
	at new P (c:\Users\yansiyan\.vscode\extensions\cl.eide-1.19.0\dist\extension.js:1:323556)
	at new t.ProjectExplorer (c:\Users\yansiyan\.vscode\extensions\cl.eide-1.19.0\dist\extension.js:1:336605)
	at t.activate (c:\Users\yansiyan\.vscode\extensions\cl.eide-1.19.0\dist\extension.js:1:168480)
	at Function._callActivateOptional (c:\Users\yansiyan\AppData\Local\Programs\Microsoft VS Code\resources\app\out\vs\workbench\services\extensions\node\extensionHostProcess.js:960:773)
	at Function._callActivate (c:\Users\yansiyan\AppData\Local\Programs\Microsoft VS Code\resources\app\out\vs\workbench\services\extensions\node\extensionHostProcess.js:960:424)
	at c:\Users\yansiyan\AppData\Local\Programs\Microsoft VS Code\resources\app\out\vs\workbench\services\extensions\node\extensionHostProcess.js:958:841
	at processTicksAndRejections (internal/process/task_queues.js:94:5)
	at async Promise.all (index 6)
	at async Promise.all (index 0)



[CA005410-AE63-11E7-9C43-BC0000960000] : log at : 2020/12/21|16:54:57|GMT+0800
[Hidden] : Command failed: d:\Keil_v5\ARM\ARMCLANG\bin\armclang.exe --target=arm-arm-none-eabi -E -dM - <nul
armclang: error: ARMv4 is not supported by this toolchain
armclang: note: Check that your license details are correct in the License Management dialog of MDK. Additional information is available at:
 http://www.keil.com/support/man/docs/license/license_management.htm
 If you need further help, provide this complete error report to your supplier or license.support@arm.com.
 - ARMLMD_LICENSE_FILE: unset
 - LM_LICENSE_FILE: unset
 - ARM_PRODUCT_DEF: unset
 - ARM_PRODUCT_PATH: unset
 - ARM_TOOL_VARIANT: unset
 - Product location: d:\Keil_v5\ARM\sw\mappings
 - Toolchain location: d:\Keil_v5\ARM\ARMCLANG\bin
 - Selected tool variant: mdk_lite
Product: MDK-ARM Lite 5.33
Component: ARM Compiler 6.15
Tool: armclang [5dd79400]

armclang: error: ARM Compiler does not support '--target=arm-arm-none-eabi'

Error: Command failed: d:\Keil_v5\ARM\ARMCLANG\bin\armclang.exe --target=arm-arm-none-eabi -E -dM - <nul
armclang: error: ARMv4 is not supported by this toolchain
armclang: note: Check that your license details are correct in the License Management dialog of MDK. Additional information is available at:
 http://www.keil.com/support/man/docs/license/license_management.htm
 If you need further help, provide this complete error report to your supplier or license.support@arm.com.
 - ARMLMD_LICENSE_FILE: unset
 - LM_LICENSE_FILE: unset
 - ARM_PRODUCT_DEF: unset
 - ARM_PRODUCT_PATH: unset
 - ARM_TOOL_VARIANT: unset
 - Product location: d:\Keil_v5\ARM\sw\mappings
 - Toolchain location: d:\Keil_v5\ARM\ARMCLANG\bin
 - Selected tool variant: mdk_lite
Product: MDK-ARM Lite 5.33
Component: ARM Compiler 6.15
Tool: armclang [5dd79400]

armclang: error: ARM Compiler does not support '--target=arm-arm-none-eabi'

	at checkExecSyncError (child_process.js:630:11)
	at Object.execSync (child_process.js:666:15)
	at Object.execSync (electron/js2c/asar.js:727:23)
	at b.getMacroList (c:\Users\yansiyan\.vscode\extensions\cl.eide-1.20.1\dist\extension.js:1:67957)
	at new b (c:\Users\yansiyan\.vscode\extensions\cl.eide-1.20.1\dist\extension.js:1:67799)
	at new f (c:\Users\yansiyan\.vscode\extensions\cl.eide-1.20.1\dist\extension.js:1:58313)
	at Function.getInstance (c:\Users\yansiyan\.vscode\extensions\cl.eide-1.20.1\dist\extension.js:1:58462)
	at M.loadToolchain (c:\Users\yansiyan\.vscode\extensions\cl.eide-1.20.1\dist\extension.js:1:95788)
	at M.Load (c:\Users\yansiyan\.vscode\extensions\cl.eide-1.20.1\dist\extension.js:1:91367)
	at P._OpenProject (c:\Users\yansiyan\.vscode\extensions\cl.eide-1.20.1\dist\extension.js:1:334363)
	at EventEmitter.<anonymous> (c:\Users\yansiyan\.vscode\extensions\cl.eide-1.20.1\dist\extension.js:1:327238)
	at Object.onceWrapper (events.js:313:26)
	at EventEmitter.emit (events.js:223:5)
	at Function.emit (c:\Users\yansiyan\.vscode\extensions\cl.eide-1.20.1\dist\extension.js:1:4451)
	at EventEmitter.<anonymous> (c:\Users\yansiyan\.vscode\extensions\cl.eide-1.20.1\dist\extension.js:1:164910)
	at EventEmitter.emit (events.js:223:5)
	at Function.emit (c:\Users\yansiyan\.vscode\extensions\cl.eide-1.20.1\dist\extension.js:1:4451)
	at P.LoadWorkspaceProject (c:\Users\yansiyan\.vscode\extensions\cl.eide-1.20.1\dist\extension.js:1:327287)
	at new P (c:\Users\yansiyan\.vscode\extensions\cl.eide-1.20.1\dist\extension.js:1:325888)
	at new t.ProjectExplorer (c:\Users\yansiyan\.vscode\extensions\cl.eide-1.20.1\dist\extension.js:1:338937)
	at t.activate (c:\Users\yansiyan\.vscode\extensions\cl.eide-1.20.1\dist\extension.js:1:168614)
	at Function._callActivateOptional (c:\Users\yansiyan\AppData\Local\Programs\Microsoft VS Code\resources\app\out\vs\workbench\services\extensions\node\extensionHostProcess.js:960:773)
	at Function._callActivate (c:\Users\yansiyan\AppData\Local\Programs\Microsoft VS Code\resources\app\out\vs\workbench\services\extensions\node\extensionHostProcess.js:960:424)
	at c:\Users\yansiyan\AppData\Local\Programs\Microsoft VS Code\resources\app\out\vs\workbench\services\extensions\node\extensionHostProcess.js:958:841
	at processTicksAndRejections (internal/process/task_queues.js:94:5)
	at async Promise.all (index 6)
	at async Promise.all (index 0)



[CA005410-AE63-11E7-9C43-BC0000960000] : log at : 2020/12/22|08:31:46|GMT+0800
[Hidden] : Command failed: d:\Keil_v5\ARM\ARMCLANG\bin\armclang.exe --target=arm-arm-none-eabi -E -dM - <nul
armclang: error: ARMv4 is not supported by this toolchain
armclang: note: Check that your license details are correct in the License Management dialog of MDK. Additional information is available at:
 http://www.keil.com/support/man/docs/license/license_management.htm
 If you need further help, provide this complete error report to your supplier or license.support@arm.com.
 - ARMLMD_LICENSE_FILE: unset
 - LM_LICENSE_FILE: unset
 - ARM_PRODUCT_DEF: unset
 - ARM_PRODUCT_PATH: unset
 - ARM_TOOL_VARIANT: unset
 - Product location: d:\Keil_v5\ARM\sw\mappings
 - Toolchain location: d:\Keil_v5\ARM\ARMCLANG\bin
 - Selected tool variant: mdk_lite
Product: MDK-ARM Lite 5.33
Component: ARM Compiler 6.15
Tool: armclang [5dd79400]

armclang: error: ARM Compiler does not support '--target=arm-arm-none-eabi'

Error: Command failed: d:\Keil_v5\ARM\ARMCLANG\bin\armclang.exe --target=arm-arm-none-eabi -E -dM - <nul
armclang: error: ARMv4 is not supported by this toolchain
armclang: note: Check that your license details are correct in the License Management dialog of MDK. Additional information is available at:
 http://www.keil.com/support/man/docs/license/license_management.htm
 If you need further help, provide this complete error report to your supplier or license.support@arm.com.
 - ARMLMD_LICENSE_FILE: unset
 - LM_LICENSE_FILE: unset
 - ARM_PRODUCT_DEF: unset
 - ARM_PRODUCT_PATH: unset
 - ARM_TOOL_VARIANT: unset
 - Product location: d:\Keil_v5\ARM\sw\mappings
 - Toolchain location: d:\Keil_v5\ARM\ARMCLANG\bin
 - Selected tool variant: mdk_lite
Product: MDK-ARM Lite 5.33
Component: ARM Compiler 6.15
Tool: armclang [5dd79400]

armclang: error: ARM Compiler does not support '--target=arm-arm-none-eabi'

	at checkExecSyncError (child_process.js:630:11)
	at Object.execSync (child_process.js:666:15)
	at Object.execSync (electron/js2c/asar.js:727:23)
	at b.getMacroList (c:\Users\yansiyan\.vscode\extensions\cl.eide-1.20.2\dist\extension.js:1:67951)
	at new b (c:\Users\yansiyan\.vscode\extensions\cl.eide-1.20.2\dist\extension.js:1:67793)
	at new f (c:\Users\yansiyan\.vscode\extensions\cl.eide-1.20.2\dist\extension.js:1:58309)
	at Function.getInstance (c:\Users\yansiyan\.vscode\extensions\cl.eide-1.20.2\dist\extension.js:1:58458)
	at M.loadToolchain (c:\Users\yansiyan\.vscode\extensions\cl.eide-1.20.2\dist\extension.js:1:95921)
	at M.Load (c:\Users\yansiyan\.vscode\extensions\cl.eide-1.20.2\dist\extension.js:1:91502)
	at P._OpenProject (c:\Users\yansiyan\.vscode\extensions\cl.eide-1.20.2\dist\extension.js:1:334648)
	at EventEmitter.<anonymous> (c:\Users\yansiyan\.vscode\extensions\cl.eide-1.20.2\dist\extension.js:1:327402)
	at Object.onceWrapper (events.js:313:26)
	at EventEmitter.emit (events.js:223:5)
	at Function.emit (c:\Users\yansiyan\.vscode\extensions\cl.eide-1.20.2\dist\extension.js:1:4455)
	at EventEmitter.<anonymous> (c:\Users\yansiyan\.vscode\extensions\cl.eide-1.20.2\dist\extension.js:1:165027)
	at EventEmitter.emit (events.js:223:5)
	at Function.emit (c:\Users\yansiyan\.vscode\extensions\cl.eide-1.20.2\dist\extension.js:1:4455)
	at P.LoadWorkspaceProject (c:\Users\yansiyan\.vscode\extensions\cl.eide-1.20.2\dist\extension.js:1:327451)
	at new P (c:\Users\yansiyan\.vscode\extensions\cl.eide-1.20.2\dist\extension.js:1:326052)
	at new t.ProjectExplorer (c:\Users\yansiyan\.vscode\extensions\cl.eide-1.20.2\dist\extension.js:1:339096)
	at t.activate (c:\Users\yansiyan\.vscode\extensions\cl.eide-1.20.2\dist\extension.js:1:168731)
	at Function._callActivateOptional (c:\Users\yansiyan\AppData\Local\Programs\Microsoft VS Code\resources\app\out\vs\workbench\services\extensions\node\extensionHostProcess.js:960:773)
	at Function._callActivate (c:\Users\yansiyan\AppData\Local\Programs\Microsoft VS Code\resources\app\out\vs\workbench\services\extensions\node\extensionHostProcess.js:960:424)
	at c:\Users\yansiyan\AppData\Local\Programs\Microsoft VS Code\resources\app\out\vs\workbench\services\extensions\node\extensionHostProcess.js:958:841
	at processTicksAndRejections (internal/process/task_queues.js:94:5)
	at async Promise.all (index 6)
	at async Promise.all (index 0)



[CA005410-AE63-11E7-9C43-BC0000960000] : log at : 2020/12/23|08:31:22|GMT+0800
[Hidden] : Command failed: d:\Keil_v5\ARM\ARMCLANG\bin\armclang.exe --target=arm-arm-none-eabi -E -dM - <nul
armclang: error: ARMv4 is not supported by this toolchain
armclang: note: Check that your license details are correct in the License Management dialog of MDK. Additional information is available at:
 http://www.keil.com/support/man/docs/license/license_management.htm
 If you need further help, provide this complete error report to your supplier or license.support@arm.com.
 - ARMLMD_LICENSE_FILE: unset
 - LM_LICENSE_FILE: unset
 - ARM_PRODUCT_DEF: unset
 - ARM_PRODUCT_PATH: unset
 - ARM_TOOL_VARIANT: unset
 - Product location: d:\Keil_v5\ARM\sw\mappings
 - Toolchain location: d:\Keil_v5\ARM\ARMCLANG\bin
 - Selected tool variant: mdk_lite
Product: MDK-ARM Lite 5.33
Component: ARM Compiler 6.15
Tool: armclang [5dd79400]

armclang: error: ARM Compiler does not support '--target=arm-arm-none-eabi'

Error: Command failed: d:\Keil_v5\ARM\ARMCLANG\bin\armclang.exe --target=arm-arm-none-eabi -E -dM - <nul
armclang: error: ARMv4 is not supported by this toolchain
armclang: note: Check that your license details are correct in the License Management dialog of MDK. Additional information is available at:
 http://www.keil.com/support/man/docs/license/license_management.htm
 If you need further help, provide this complete error report to your supplier or license.support@arm.com.
 - ARMLMD_LICENSE_FILE: unset
 - LM_LICENSE_FILE: unset
 - ARM_PRODUCT_DEF: unset
 - ARM_PRODUCT_PATH: unset
 - ARM_TOOL_VARIANT: unset
 - Product location: d:\Keil_v5\ARM\sw\mappings
 - Toolchain location: d:\Keil_v5\ARM\ARMCLANG\bin
 - Selected tool variant: mdk_lite
Product: MDK-ARM Lite 5.33
Component: ARM Compiler 6.15
Tool: armclang [5dd79400]

armclang: error: ARM Compiler does not support '--target=arm-arm-none-eabi'

	at checkExecSyncError (child_process.js:630:11)
	at Object.execSync (child_process.js:666:15)
	at Object.execSync (electron/js2c/asar.js:727:23)
	at b.getMacroList (c:\Users\yansiyan\.vscode\extensions\cl.eide-1.20.2\dist\extension.js:1:67951)
	at new b (c:\Users\yansiyan\.vscode\extensions\cl.eide-1.20.2\dist\extension.js:1:67793)
	at new f (c:\Users\yansiyan\.vscode\extensions\cl.eide-1.20.2\dist\extension.js:1:58309)
	at Function.getInstance (c:\Users\yansiyan\.vscode\extensions\cl.eide-1.20.2\dist\extension.js:1:58458)
	at M.loadToolchain (c:\Users\yansiyan\.vscode\extensions\cl.eide-1.20.2\dist\extension.js:1:95921)
	at M.Load (c:\Users\yansiyan\.vscode\extensions\cl.eide-1.20.2\dist\extension.js:1:91502)
	at P._OpenProject (c:\Users\yansiyan\.vscode\extensions\cl.eide-1.20.2\dist\extension.js:1:334648)
	at EventEmitter.<anonymous> (c:\Users\yansiyan\.vscode\extensions\cl.eide-1.20.2\dist\extension.js:1:327402)
	at Object.onceWrapper (events.js:313:26)
	at EventEmitter.emit (events.js:223:5)
	at Function.emit (c:\Users\yansiyan\.vscode\extensions\cl.eide-1.20.2\dist\extension.js:1:4455)
	at EventEmitter.<anonymous> (c:\Users\yansiyan\.vscode\extensions\cl.eide-1.20.2\dist\extension.js:1:165027)
	at EventEmitter.emit (events.js:223:5)
	at Function.emit (c:\Users\yansiyan\.vscode\extensions\cl.eide-1.20.2\dist\extension.js:1:4455)
	at P.LoadWorkspaceProject (c:\Users\yansiyan\.vscode\extensions\cl.eide-1.20.2\dist\extension.js:1:327451)
	at new P (c:\Users\yansiyan\.vscode\extensions\cl.eide-1.20.2\dist\extension.js:1:326052)
	at new t.ProjectExplorer (c:\Users\yansiyan\.vscode\extensions\cl.eide-1.20.2\dist\extension.js:1:339096)
	at t.activate (c:\Users\yansiyan\.vscode\extensions\cl.eide-1.20.2\dist\extension.js:1:168731)
	at Function._callActivateOptional (c:\Users\yansiyan\AppData\Local\Programs\Microsoft VS Code\resources\app\out\vs\workbench\services\extensions\node\extensionHostProcess.js:960:773)
	at Function._callActivate (c:\Users\yansiyan\AppData\Local\Programs\Microsoft VS Code\resources\app\out\vs\workbench\services\extensions\node\extensionHostProcess.js:960:424)
	at c:\Users\yansiyan\AppData\Local\Programs\Microsoft VS Code\resources\app\out\vs\workbench\services\extensions\node\extensionHostProcess.js:958:841
	at processTicksAndRejections (internal/process/task_queues.js:94:5)
	at async Promise.all (index 6)
	at async Promise.all (index 0)



[CA005410-AE63-11E7-9C43-BC0000960000] : log at : 2020/12/24|08:30:09|GMT+0800
[Hidden] : Command failed: d:\Keil_v5\ARM\ARMCLANG\bin\armclang.exe --target=arm-arm-none-eabi -E -dM - <nul
armclang: error: ARMv4 is not supported by this toolchain
armclang: note: Check that your license details are correct in the License Management dialog of MDK. Additional information is available at:
 http://www.keil.com/support/man/docs/license/license_management.htm
 If you need further help, provide this complete error report to your supplier or license.support@arm.com.
 - ARMLMD_LICENSE_FILE: unset
 - LM_LICENSE_FILE: unset
 - ARM_PRODUCT_DEF: unset
 - ARM_PRODUCT_PATH: unset
 - ARM_TOOL_VARIANT: unset
 - Product location: d:\Keil_v5\ARM\sw\mappings
 - Toolchain location: d:\Keil_v5\ARM\ARMCLANG\bin
 - Selected tool variant: mdk_lite
Product: MDK-ARM Lite 5.33
Component: ARM Compiler 6.15
Tool: armclang [5dd79400]

armclang: error: ARM Compiler does not support '--target=arm-arm-none-eabi'

Error: Command failed: d:\Keil_v5\ARM\ARMCLANG\bin\armclang.exe --target=arm-arm-none-eabi -E -dM - <nul
armclang: error: ARMv4 is not supported by this toolchain
armclang: note: Check that your license details are correct in the License Management dialog of MDK. Additional information is available at:
 http://www.keil.com/support/man/docs/license/license_management.htm
 If you need further help, provide this complete error report to your supplier or license.support@arm.com.
 - ARMLMD_LICENSE_FILE: unset
 - LM_LICENSE_FILE: unset
 - ARM_PRODUCT_DEF: unset
 - ARM_PRODUCT_PATH: unset
 - ARM_TOOL_VARIANT: unset
 - Product location: d:\Keil_v5\ARM\sw\mappings
 - Toolchain location: d:\Keil_v5\ARM\ARMCLANG\bin
 - Selected tool variant: mdk_lite
Product: MDK-ARM Lite 5.33
Component: ARM Compiler 6.15
Tool: armclang [5dd79400]

armclang: error: ARM Compiler does not support '--target=arm-arm-none-eabi'

	at checkExecSyncError (child_process.js:630:11)
	at Object.execSync (child_process.js:666:15)
	at Object.execSync (electron/js2c/asar.js:727:23)
	at b.getMacroList (c:\Users\yansiyan\.vscode\extensions\cl.eide-1.20.2\dist\extension.js:1:67951)
	at new b (c:\Users\yansiyan\.vscode\extensions\cl.eide-1.20.2\dist\extension.js:1:67793)
	at new f (c:\Users\yansiyan\.vscode\extensions\cl.eide-1.20.2\dist\extension.js:1:58309)
	at Function.getInstance (c:\Users\yansiyan\.vscode\extensions\cl.eide-1.20.2\dist\extension.js:1:58458)
	at M.loadToolchain (c:\Users\yansiyan\.vscode\extensions\cl.eide-1.20.2\dist\extension.js:1:95921)
	at M.Load (c:\Users\yansiyan\.vscode\extensions\cl.eide-1.20.2\dist\extension.js:1:91502)
	at P._OpenProject (c:\Users\yansiyan\.vscode\extensions\cl.eide-1.20.2\dist\extension.js:1:334648)
	at EventEmitter.<anonymous> (c:\Users\yansiyan\.vscode\extensions\cl.eide-1.20.2\dist\extension.js:1:327402)
	at Object.onceWrapper (events.js:313:26)
	at EventEmitter.emit (events.js:223:5)
	at Function.emit (c:\Users\yansiyan\.vscode\extensions\cl.eide-1.20.2\dist\extension.js:1:4455)
	at EventEmitter.<anonymous> (c:\Users\yansiyan\.vscode\extensions\cl.eide-1.20.2\dist\extension.js:1:165027)
	at EventEmitter.emit (events.js:223:5)
	at Function.emit (c:\Users\yansiyan\.vscode\extensions\cl.eide-1.20.2\dist\extension.js:1:4455)
	at P.LoadWorkspaceProject (c:\Users\yansiyan\.vscode\extensions\cl.eide-1.20.2\dist\extension.js:1:327451)
	at new P (c:\Users\yansiyan\.vscode\extensions\cl.eide-1.20.2\dist\extension.js:1:326052)
	at new t.ProjectExplorer (c:\Users\yansiyan\.vscode\extensions\cl.eide-1.20.2\dist\extension.js:1:339096)
	at t.activate (c:\Users\yansiyan\.vscode\extensions\cl.eide-1.20.2\dist\extension.js:1:168731)
	at Function._callActivateOptional (c:\Users\yansiyan\AppData\Local\Programs\Microsoft VS Code\resources\app\out\vs\workbench\services\extensions\node\extensionHostProcess.js:960:773)
	at Function._callActivate (c:\Users\yansiyan\AppData\Local\Programs\Microsoft VS Code\resources\app\out\vs\workbench\services\extensions\node\extensionHostProcess.js:960:424)
	at c:\Users\yansiyan\AppData\Local\Programs\Microsoft VS Code\resources\app\out\vs\workbench\services\extensions\node\extensionHostProcess.js:958:841
	at processTicksAndRejections (internal/process/task_queues.js:94:5)
	at async Promise.all (index 6)
	at async Promise.all (index 0)



[CA005410-AE63-11E7-9C43-BC0000960000] : log at : 2020/12/25|08:28:11|GMT+0800
[Hidden] : Command failed: d:\Keil_v5\ARM\ARMCLANG\bin\armclang.exe --target=arm-arm-none-eabi -E -dM - <nul
armclang: error: ARMv4 is not supported by this toolchain
armclang: note: Check that your license details are correct in the License Management dialog of MDK. Additional information is available at:
 http://www.keil.com/support/man/docs/license/license_management.htm
 If you need further help, provide this complete error report to your supplier or license.support@arm.com.
 - ARMLMD_LICENSE_FILE: unset
 - LM_LICENSE_FILE: unset
 - ARM_PRODUCT_DEF: unset
 - ARM_PRODUCT_PATH: unset
 - ARM_TOOL_VARIANT: unset
 - Product location: d:\Keil_v5\ARM\sw\mappings
 - Toolchain location: d:\Keil_v5\ARM\ARMCLANG\bin
 - Selected tool variant: mdk_lite
Product: MDK-ARM Lite 5.33
Component: ARM Compiler 6.15
Tool: armclang [5dd79400]

armclang: error: ARM Compiler does not support '--target=arm-arm-none-eabi'

Error: Command failed: d:\Keil_v5\ARM\ARMCLANG\bin\armclang.exe --target=arm-arm-none-eabi -E -dM - <nul
armclang: error: ARMv4 is not supported by this toolchain
armclang: note: Check that your license details are correct in the License Management dialog of MDK. Additional information is available at:
 http://www.keil.com/support/man/docs/license/license_management.htm
 If you need further help, provide this complete error report to your supplier or license.support@arm.com.
 - ARMLMD_LICENSE_FILE: unset
 - LM_LICENSE_FILE: unset
 - ARM_PRODUCT_DEF: unset
 - ARM_PRODUCT_PATH: unset
 - ARM_TOOL_VARIANT: unset
 - Product location: d:\Keil_v5\ARM\sw\mappings
 - Toolchain location: d:\Keil_v5\ARM\ARMCLANG\bin
 - Selected tool variant: mdk_lite
Product: MDK-ARM Lite 5.33
Component: ARM Compiler 6.15
Tool: armclang [5dd79400]

armclang: error: ARM Compiler does not support '--target=arm-arm-none-eabi'

	at checkExecSyncError (child_process.js:630:11)
	at Object.execSync (child_process.js:666:15)
	at Object.execSync (electron/js2c/asar.js:727:23)
	at b.getMacroList (c:\Users\yansiyan\.vscode\extensions\cl.eide-1.20.3\dist\extension.js:1:67951)
	at new b (c:\Users\yansiyan\.vscode\extensions\cl.eide-1.20.3\dist\extension.js:1:67793)
	at new f (c:\Users\yansiyan\.vscode\extensions\cl.eide-1.20.3\dist\extension.js:1:58309)
	at Function.getInstance (c:\Users\yansiyan\.vscode\extensions\cl.eide-1.20.3\dist\extension.js:1:58458)
	at M.loadToolchain (c:\Users\yansiyan\.vscode\extensions\cl.eide-1.20.3\dist\extension.js:1:95921)
	at M.Load (c:\Users\yansiyan\.vscode\extensions\cl.eide-1.20.3\dist\extension.js:1:91502)
	at P._OpenProject (c:\Users\yansiyan\.vscode\extensions\cl.eide-1.20.3\dist\extension.js:1:335209)
	at EventEmitter.<anonymous> (c:\Users\yansiyan\.vscode\extensions\cl.eide-1.20.3\dist\extension.js:1:327963)
	at Object.onceWrapper (events.js:313:26)
	at EventEmitter.emit (events.js:223:5)
	at Function.emit (c:\Users\yansiyan\.vscode\extensions\cl.eide-1.20.3\dist\extension.js:1:4455)
	at EventEmitter.<anonymous> (c:\Users\yansiyan\.vscode\extensions\cl.eide-1.20.3\dist\extension.js:1:165027)
	at EventEmitter.emit (events.js:223:5)
	at Function.emit (c:\Users\yansiyan\.vscode\extensions\cl.eide-1.20.3\dist\extension.js:1:4455)
	at P.LoadWorkspaceProject (c:\Users\yansiyan\.vscode\extensions\cl.eide-1.20.3\dist\extension.js:1:328012)
	at new P (c:\Users\yansiyan\.vscode\extensions\cl.eide-1.20.3\dist\extension.js:1:326613)
	at new t.ProjectExplorer (c:\Users\yansiyan\.vscode\extensions\cl.eide-1.20.3\dist\extension.js:1:339657)
	at t.activate (c:\Users\yansiyan\.vscode\extensions\cl.eide-1.20.3\dist\extension.js:1:168731)
	at Function._callActivateOptional (c:\Users\yansiyan\AppData\Local\Programs\Microsoft VS Code\resources\app\out\vs\workbench\services\extensions\node\extensionHostProcess.js:960:773)
	at Function._callActivate (c:\Users\yansiyan\AppData\Local\Programs\Microsoft VS Code\resources\app\out\vs\workbench\services\extensions\node\extensionHostProcess.js:960:424)
	at c:\Users\yansiyan\AppData\Local\Programs\Microsoft VS Code\resources\app\out\vs\workbench\services\extensions\node\extensionHostProcess.js:958:841
	at processTicksAndRejections (internal/process/task_queues.js:94:5)
	at async Promise.all (index 6)
	at async Promise.all (index 0)



[CA005410-AE63-11E7-9C43-BC0000960000] : log at : 2020/12/25|11:44:42|GMT+0800
[Hidden] : Command failed: d:\Keil_v5\ARM\ARMCLANG\bin\armclang.exe --target=arm-arm-none-eabi -E -dM - <nul
armclang: error: ARMv4 is not supported by this toolchain
armclang: note: Check that your license details are correct in the License Management dialog of MDK. Additional information is available at:
 http://www.keil.com/support/man/docs/license/license_management.htm
 If you need further help, provide this complete error report to your supplier or license.support@arm.com.
 - ARMLMD_LICENSE_FILE: unset
 - LM_LICENSE_FILE: unset
 - ARM_PRODUCT_DEF: unset
 - ARM_PRODUCT_PATH: unset
 - ARM_TOOL_VARIANT: unset
 - Product location: d:\Keil_v5\ARM\sw\mappings
 - Toolchain location: d:\Keil_v5\ARM\ARMCLANG\bin
 - Selected tool variant: mdk_lite
Product: MDK-ARM Lite 5.33
Component: ARM Compiler 6.15
Tool: armclang [5dd79400]

armclang: error: ARM Compiler does not support '--target=arm-arm-none-eabi'

Error: Command failed: d:\Keil_v5\ARM\ARMCLANG\bin\armclang.exe --target=arm-arm-none-eabi -E -dM - <nul
armclang: error: ARMv4 is not supported by this toolchain
armclang: note: Check that your license details are correct in the License Management dialog of MDK. Additional information is available at:
 http://www.keil.com/support/man/docs/license/license_management.htm
 If you need further help, provide this complete error report to your supplier or license.support@arm.com.
 - ARMLMD_LICENSE_FILE: unset
 - LM_LICENSE_FILE: unset
 - ARM_PRODUCT_DEF: unset
 - ARM_PRODUCT_PATH: unset
 - ARM_TOOL_VARIANT: unset
 - Product location: d:\Keil_v5\ARM\sw\mappings
 - Toolchain location: d:\Keil_v5\ARM\ARMCLANG\bin
 - Selected tool variant: mdk_lite
Product: MDK-ARM Lite 5.33
Component: ARM Compiler 6.15
Tool: armclang [5dd79400]

armclang: error: ARM Compiler does not support '--target=arm-arm-none-eabi'

	at checkExecSyncError (child_process.js:630:11)
	at Object.execSync (child_process.js:666:15)
	at Object.execSync (electron/js2c/asar.js:727:23)
	at b.getMacroList (c:\Users\yansiyan\.vscode\extensions\cl.eide-1.20.3\dist\extension.js:1:67951)
	at new b (c:\Users\yansiyan\.vscode\extensions\cl.eide-1.20.3\dist\extension.js:1:67793)
	at new f (c:\Users\yansiyan\.vscode\extensions\cl.eide-1.20.3\dist\extension.js:1:58309)
	at Function.getInstance (c:\Users\yansiyan\.vscode\extensions\cl.eide-1.20.3\dist\extension.js:1:58458)
	at M.loadToolchain (c:\Users\yansiyan\.vscode\extensions\cl.eide-1.20.3\dist\extension.js:1:95921)
	at M.Load (c:\Users\yansiyan\.vscode\extensions\cl.eide-1.20.3\dist\extension.js:1:91502)
	at P._OpenProject (c:\Users\yansiyan\.vscode\extensions\cl.eide-1.20.3\dist\extension.js:1:335209)
	at EventEmitter.<anonymous> (c:\Users\yansiyan\.vscode\extensions\cl.eide-1.20.3\dist\extension.js:1:327963)
	at Object.onceWrapper (events.js:313:26)
	at EventEmitter.emit (events.js:223:5)
	at Function.emit (c:\Users\yansiyan\.vscode\extensions\cl.eide-1.20.3\dist\extension.js:1:4455)
	at EventEmitter.<anonymous> (c:\Users\yansiyan\.vscode\extensions\cl.eide-1.20.3\dist\extension.js:1:165027)
	at EventEmitter.emit (events.js:223:5)
	at Function.emit (c:\Users\yansiyan\.vscode\extensions\cl.eide-1.20.3\dist\extension.js:1:4455)
	at P.LoadWorkspaceProject (c:\Users\yansiyan\.vscode\extensions\cl.eide-1.20.3\dist\extension.js:1:328012)
	at new P (c:\Users\yansiyan\.vscode\extensions\cl.eide-1.20.3\dist\extension.js:1:326613)
	at new t.ProjectExplorer (c:\Users\yansiyan\.vscode\extensions\cl.eide-1.20.3\dist\extension.js:1:339657)
	at t.activate (c:\Users\yansiyan\.vscode\extensions\cl.eide-1.20.3\dist\extension.js:1:168731)
	at Function._callActivateOptional (c:\Users\yansiyan\AppData\Local\Programs\Microsoft VS Code\resources\app\out\vs\workbench\services\extensions\node\extensionHostProcess.js:960:773)
	at Function._callActivate (c:\Users\yansiyan\AppData\Local\Programs\Microsoft VS Code\resources\app\out\vs\workbench\services\extensions\node\extensionHostProcess.js:960:424)
	at c:\Users\yansiyan\AppData\Local\Programs\Microsoft VS Code\resources\app\out\vs\workbench\services\extensions\node\extensionHostProcess.js:958:841
	at processTicksAndRejections (internal/process/task_queues.js:94:5)
	at async Promise.all (index 6)
	at async Promise.all (index 0)



[CA005410-AE63-11E7-9C43-BC0000960000] : log at : 2020/12/26|08:29:07|GMT+0800
[Hidden] : Command failed: d:\Keil_v5\ARM\ARMCLANG\bin\armclang.exe --target=arm-arm-none-eabi -E -dM - <nul
armclang: error: ARMv4 is not supported by this toolchain
armclang: note: Check that your license details are correct in the License Management dialog of MDK. Additional information is available at:
 http://www.keil.com/support/man/docs/license/license_management.htm
 If you need further help, provide this complete error report to your supplier or license.support@arm.com.
 - ARMLMD_LICENSE_FILE: unset
 - LM_LICENSE_FILE: unset
 - ARM_PRODUCT_DEF: unset
 - ARM_PRODUCT_PATH: unset
 - ARM_TOOL_VARIANT: unset
 - Product location: d:\Keil_v5\ARM\sw\mappings
 - Toolchain location: d:\Keil_v5\ARM\ARMCLANG\bin
 - Selected tool variant: mdk_lite
Product: MDK-ARM Lite 5.33
Component: ARM Compiler 6.15
Tool: armclang [5dd79400]

armclang: error: ARM Compiler does not support '--target=arm-arm-none-eabi'

Error: Command failed: d:\Keil_v5\ARM\ARMCLANG\bin\armclang.exe --target=arm-arm-none-eabi -E -dM - <nul
armclang: error: ARMv4 is not supported by this toolchain
armclang: note: Check that your license details are correct in the License Management dialog of MDK. Additional information is available at:
 http://www.keil.com/support/man/docs/license/license_management.htm
 If you need further help, provide this complete error report to your supplier or license.support@arm.com.
 - ARMLMD_LICENSE_FILE: unset
 - LM_LICENSE_FILE: unset
 - ARM_PRODUCT_DEF: unset
 - ARM_PRODUCT_PATH: unset
 - ARM_TOOL_VARIANT: unset
 - Product location: d:\Keil_v5\ARM\sw\mappings
 - Toolchain location: d:\Keil_v5\ARM\ARMCLANG\bin
 - Selected tool variant: mdk_lite
Product: MDK-ARM Lite 5.33
Component: ARM Compiler 6.15
Tool: armclang [5dd79400]

armclang: error: ARM Compiler does not support '--target=arm-arm-none-eabi'

	at checkExecSyncError (child_process.js:630:11)
	at Object.execSync (child_process.js:666:15)
	at Object.execSync (electron/js2c/asar.js:727:23)
	at b.getMacroList (c:\Users\yansiyan\.vscode\extensions\cl.eide-1.20.3\dist\extension.js:1:67951)
	at new b (c:\Users\yansiyan\.vscode\extensions\cl.eide-1.20.3\dist\extension.js:1:67793)
	at new f (c:\Users\yansiyan\.vscode\extensions\cl.eide-1.20.3\dist\extension.js:1:58309)
	at Function.getInstance (c:\Users\yansiyan\.vscode\extensions\cl.eide-1.20.3\dist\extension.js:1:58458)
	at M.loadToolchain (c:\Users\yansiyan\.vscode\extensions\cl.eide-1.20.3\dist\extension.js:1:95921)
	at M.Load (c:\Users\yansiyan\.vscode\extensions\cl.eide-1.20.3\dist\extension.js:1:91502)
	at P._OpenProject (c:\Users\yansiyan\.vscode\extensions\cl.eide-1.20.3\dist\extension.js:1:335209)
	at EventEmitter.<anonymous> (c:\Users\yansiyan\.vscode\extensions\cl.eide-1.20.3\dist\extension.js:1:327963)
	at Object.onceWrapper (events.js:313:26)
	at EventEmitter.emit (events.js:223:5)
	at Function.emit (c:\Users\yansiyan\.vscode\extensions\cl.eide-1.20.3\dist\extension.js:1:4455)
	at EventEmitter.<anonymous> (c:\Users\yansiyan\.vscode\extensions\cl.eide-1.20.3\dist\extension.js:1:165027)
	at EventEmitter.emit (events.js:223:5)
	at Function.emit (c:\Users\yansiyan\.vscode\extensions\cl.eide-1.20.3\dist\extension.js:1:4455)
	at P.LoadWorkspaceProject (c:\Users\yansiyan\.vscode\extensions\cl.eide-1.20.3\dist\extension.js:1:328012)
	at new P (c:\Users\yansiyan\.vscode\extensions\cl.eide-1.20.3\dist\extension.js:1:326613)
	at new t.ProjectExplorer (c:\Users\yansiyan\.vscode\extensions\cl.eide-1.20.3\dist\extension.js:1:339657)
	at t.activate (c:\Users\yansiyan\.vscode\extensions\cl.eide-1.20.3\dist\extension.js:1:168731)
	at Function._callActivateOptional (c:\Users\yansiyan\AppData\Local\Programs\Microsoft VS Code\resources\app\out\vs\workbench\services\extensions\node\extensionHostProcess.js:960:773)
	at Function._callActivate (c:\Users\yansiyan\AppData\Local\Programs\Microsoft VS Code\resources\app\out\vs\workbench\services\extensions\node\extensionHostProcess.js:960:424)
	at c:\Users\yansiyan\AppData\Local\Programs\Microsoft VS Code\resources\app\out\vs\workbench\services\extensions\node\extensionHostProcess.js:958:841
	at processTicksAndRejections (internal/process/task_queues.js:94:5)
	at async Promise.all (index 6)
	at async Promise.all (index 0)



[CA005410-AE63-11E7-9C43-BC0000960000] : log at : 2020/12/26|14:26:15|GMT+0800
[Hidden] : Command failed: d:\Keil_v5\ARM\ARMCLANG\bin\armclang.exe --target=arm-arm-none-eabi -E -dM - <nul
armclang: error: ARMv4 is not supported by this toolchain
armclang: note: Check that your license details are correct in the License Management dialog of MDK. Additional information is available at:
 http://www.keil.com/support/man/docs/license/license_management.htm
 If you need further help, provide this complete error report to your supplier or license.support@arm.com.
 - ARMLMD_LICENSE_FILE: unset
 - LM_LICENSE_FILE: unset
 - ARM_PRODUCT_DEF: unset
 - ARM_PRODUCT_PATH: unset
 - ARM_TOOL_VARIANT: unset
 - Product location: d:\Keil_v5\ARM\sw\mappings
 - Toolchain location: d:\Keil_v5\ARM\ARMCLANG\bin
 - Selected tool variant: mdk_lite
Product: MDK-ARM Lite 5.33
Component: ARM Compiler 6.15
Tool: armclang [5dd79400]

armclang: error: ARM Compiler does not support '--target=arm-arm-none-eabi'

Error: Command failed: d:\Keil_v5\ARM\ARMCLANG\bin\armclang.exe --target=arm-arm-none-eabi -E -dM - <nul
armclang: error: ARMv4 is not supported by this toolchain
armclang: note: Check that your license details are correct in the License Management dialog of MDK. Additional information is available at:
 http://www.keil.com/support/man/docs/license/license_management.htm
 If you need further help, provide this complete error report to your supplier or license.support@arm.com.
 - ARMLMD_LICENSE_FILE: unset
 - LM_LICENSE_FILE: unset
 - ARM_PRODUCT_DEF: unset
 - ARM_PRODUCT_PATH: unset
 - ARM_TOOL_VARIANT: unset
 - Product location: d:\Keil_v5\ARM\sw\mappings
 - Toolchain location: d:\Keil_v5\ARM\ARMCLANG\bin
 - Selected tool variant: mdk_lite
Product: MDK-ARM Lite 5.33
Component: ARM Compiler 6.15
Tool: armclang [5dd79400]

armclang: error: ARM Compiler does not support '--target=arm-arm-none-eabi'

	at checkExecSyncError (child_process.js:630:11)
	at Object.execSync (child_process.js:666:15)
	at Object.execSync (electron/js2c/asar.js:727:23)
	at b.getMacroList (c:\Users\yansiyan\.vscode\extensions\cl.eide-1.20.3\dist\extension.js:1:67951)
	at new b (c:\Users\yansiyan\.vscode\extensions\cl.eide-1.20.3\dist\extension.js:1:67793)
	at new f (c:\Users\yansiyan\.vscode\extensions\cl.eide-1.20.3\dist\extension.js:1:58309)
	at Function.getInstance (c:\Users\yansiyan\.vscode\extensions\cl.eide-1.20.3\dist\extension.js:1:58458)
	at M.loadToolchain (c:\Users\yansiyan\.vscode\extensions\cl.eide-1.20.3\dist\extension.js:1:95921)
	at M.Load (c:\Users\yansiyan\.vscode\extensions\cl.eide-1.20.3\dist\extension.js:1:91502)
	at P._OpenProject (c:\Users\yansiyan\.vscode\extensions\cl.eide-1.20.3\dist\extension.js:1:335209)
	at EventEmitter.<anonymous> (c:\Users\yansiyan\.vscode\extensions\cl.eide-1.20.3\dist\extension.js:1:327963)
	at Object.onceWrapper (events.js:313:26)
	at EventEmitter.emit (events.js:223:5)
	at Function.emit (c:\Users\yansiyan\.vscode\extensions\cl.eide-1.20.3\dist\extension.js:1:4455)
	at EventEmitter.<anonymous> (c:\Users\yansiyan\.vscode\extensions\cl.eide-1.20.3\dist\extension.js:1:165027)
	at EventEmitter.emit (events.js:223:5)
	at Function.emit (c:\Users\yansiyan\.vscode\extensions\cl.eide-1.20.3\dist\extension.js:1:4455)
	at P.LoadWorkspaceProject (c:\Users\yansiyan\.vscode\extensions\cl.eide-1.20.3\dist\extension.js:1:328012)
	at new P (c:\Users\yansiyan\.vscode\extensions\cl.eide-1.20.3\dist\extension.js:1:326613)
	at new t.ProjectExplorer (c:\Users\yansiyan\.vscode\extensions\cl.eide-1.20.3\dist\extension.js:1:339657)
	at t.activate (c:\Users\yansiyan\.vscode\extensions\cl.eide-1.20.3\dist\extension.js:1:168731)
	at Function._callActivateOptional (c:\Users\yansiyan\AppData\Local\Programs\Microsoft VS Code\resources\app\out\vs\workbench\services\extensions\node\extensionHostProcess.js:960:773)
	at Function._callActivate (c:\Users\yansiyan\AppData\Local\Programs\Microsoft VS Code\resources\app\out\vs\workbench\services\extensions\node\extensionHostProcess.js:960:424)
	at c:\Users\yansiyan\AppData\Local\Programs\Microsoft VS Code\resources\app\out\vs\workbench\services\extensions\node\extensionHostProcess.js:958:841
	at processTicksAndRejections (internal/process/task_queues.js:94:5)
	at async Promise.all (index 6)
	at async Promise.all (index 0)



[CA005410-AE63-11E7-9C43-BC0000960000] : log at : 2020/12/26|14:55:49|GMT+0800
[Hidden] : Command failed: d:\Keil_v5\ARM\ARMCLANG\bin\armclang.exe --target=arm-arm-none-eabi -E -dM - <nul
armclang: error: ARMv4 is not supported by this toolchain
armclang: note: Check that your license details are correct in the License Management dialog of MDK. Additional information is available at:
 http://www.keil.com/support/man/docs/license/license_management.htm
 If you need further help, provide this complete error report to your supplier or license.support@arm.com.
 - ARMLMD_LICENSE_FILE: unset
 - LM_LICENSE_FILE: unset
 - ARM_PRODUCT_DEF: unset
 - ARM_PRODUCT_PATH: unset
 - ARM_TOOL_VARIANT: unset
 - Product location: d:\Keil_v5\ARM\sw\mappings
 - Toolchain location: d:\Keil_v5\ARM\ARMCLANG\bin
 - Selected tool variant: mdk_lite
Product: MDK-ARM Lite 5.33
Component: ARM Compiler 6.15
Tool: armclang [5dd79400]

armclang: error: ARM Compiler does not support '--target=arm-arm-none-eabi'

Error: Command failed: d:\Keil_v5\ARM\ARMCLANG\bin\armclang.exe --target=arm-arm-none-eabi -E -dM - <nul
armclang: error: ARMv4 is not supported by this toolchain
armclang: note: Check that your license details are correct in the License Management dialog of MDK. Additional information is available at:
 http://www.keil.com/support/man/docs/license/license_management.htm
 If you need further help, provide this complete error report to your supplier or license.support@arm.com.
 - ARMLMD_LICENSE_FILE: unset
 - LM_LICENSE_FILE: unset
 - ARM_PRODUCT_DEF: unset
 - ARM_PRODUCT_PATH: unset
 - ARM_TOOL_VARIANT: unset
 - Product location: d:\Keil_v5\ARM\sw\mappings
 - Toolchain location: d:\Keil_v5\ARM\ARMCLANG\bin
 - Selected tool variant: mdk_lite
Product: MDK-ARM Lite 5.33
Component: ARM Compiler 6.15
Tool: armclang [5dd79400]

armclang: error: ARM Compiler does not support '--target=arm-arm-none-eabi'

	at checkExecSyncError (child_process.js:630:11)
	at Object.execSync (child_process.js:666:15)
	at Object.execSync (electron/js2c/asar.js:727:23)
	at b.getMacroList (c:\Users\yansiyan\.vscode\extensions\cl.eide-1.20.3\dist\extension.js:1:67951)
	at new b (c:\Users\yansiyan\.vscode\extensions\cl.eide-1.20.3\dist\extension.js:1:67793)
	at new f (c:\Users\yansiyan\.vscode\extensions\cl.eide-1.20.3\dist\extension.js:1:58309)
	at Function.getInstance (c:\Users\yansiyan\.vscode\extensions\cl.eide-1.20.3\dist\extension.js:1:58458)
	at M.loadToolchain (c:\Users\yansiyan\.vscode\extensions\cl.eide-1.20.3\dist\extension.js:1:95921)
	at M.Load (c:\Users\yansiyan\.vscode\extensions\cl.eide-1.20.3\dist\extension.js:1:91502)
	at P._OpenProject (c:\Users\yansiyan\.vscode\extensions\cl.eide-1.20.3\dist\extension.js:1:335209)
	at EventEmitter.<anonymous> (c:\Users\yansiyan\.vscode\extensions\cl.eide-1.20.3\dist\extension.js:1:327963)
	at Object.onceWrapper (events.js:313:26)
	at EventEmitter.emit (events.js:223:5)
	at Function.emit (c:\Users\yansiyan\.vscode\extensions\cl.eide-1.20.3\dist\extension.js:1:4455)
	at EventEmitter.<anonymous> (c:\Users\yansiyan\.vscode\extensions\cl.eide-1.20.3\dist\extension.js:1:165027)
	at EventEmitter.emit (events.js:223:5)
	at Function.emit (c:\Users\yansiyan\.vscode\extensions\cl.eide-1.20.3\dist\extension.js:1:4455)
	at P.LoadWorkspaceProject (c:\Users\yansiyan\.vscode\extensions\cl.eide-1.20.3\dist\extension.js:1:328012)
	at new P (c:\Users\yansiyan\.vscode\extensions\cl.eide-1.20.3\dist\extension.js:1:326613)
	at new t.ProjectExplorer (c:\Users\yansiyan\.vscode\extensions\cl.eide-1.20.3\dist\extension.js:1:339657)
	at t.activate (c:\Users\yansiyan\.vscode\extensions\cl.eide-1.20.3\dist\extension.js:1:168731)
	at Function._callActivateOptional (c:\Users\yansiyan\AppData\Local\Programs\Microsoft VS Code\resources\app\out\vs\workbench\services\extensions\node\extensionHostProcess.js:960:773)
	at Function._callActivate (c:\Users\yansiyan\AppData\Local\Programs\Microsoft VS Code\resources\app\out\vs\workbench\services\extensions\node\extensionHostProcess.js:960:424)
	at c:\Users\yansiyan\AppData\Local\Programs\Microsoft VS Code\resources\app\out\vs\workbench\services\extensions\node\extensionHostProcess.js:958:841
	at processTicksAndRejections (internal/process/task_queues.js:94:5)
	at async Promise.all (index 6)
	at async Promise.all (index 0)


